Performing C SOURCE FILE Test CMAKE_HAVE_LIBC_PTHREAD failed with the following output:
Change Dir: /home/fri/Asha_Mia/catkin_ws/build/myur5_description/CMakeFiles/CMakeTmp

Run Build Command(s):/usr/bin/make -f Makefile cmTC_ade48/fast && /usr/bin/make  -f CMakeFiles/cmTC_ade48.dir/build.make CMakeFiles/cmTC_ade48.dir/build
make[1]: Entering directory '/home/fri/Asha_Mia/catkin_ws/build/myur5_description/CMakeFiles/CMakeTmp'
Building C object CMakeFiles/cmTC_ade48.dir/src.c.o
/usr/bin/cc -DCMAKE_HAVE_LIBC_PTHREAD   -o CMakeFiles/cmTC_ade48.dir/src.c.o -c /home/fri/Asha_Mia/catkin_ws/build/myur5_description/CMakeFiles/CMakeTmp/src.c
Linking C executable cmTC_ade48
/usr/bin/cmake -E cmake_link_script CMakeFiles/cmTC_ade48.dir/link.txt --verbose=1
/usr/bin/cc -rdynamic CMakeFiles/cmTC_ade48.dir/src.c.o -o cmTC_ade48 
CMakeFiles/cmTC_ade48.dir/src.c.o: In function `main':
src.c:(.text+0x3e): undefined reference to `pthread_create'
src.c:(.text+0x4a): undefined reference to `pthread_detach'
src.c:(.text+0x56): undefined reference to `pthread_cancel'
src.c:(.text+0x67): undefined reference to `pthread_join'
src.c:(.text+0x7b): undefined reference to `pthread_atfork'
collect2: error: ld returned 1 exit status
CMakeFiles/cmTC_ade48.dir/build.make:98: recipe for target 'cmTC_ade48' failed
make[1]: *** [cmTC_ade48] Error 1
make[1]: Leaving directory '/home/fri/Asha_Mia/catkin_ws/build/myur5_description/CMakeFiles/CMakeTmp'
Makefile:127: recipe for target 'cmTC_ade48/fast' failed
make: *** [cmTC_ade48/fast] Error 2


Source file was:
#include <pthread.h>

static void* test_func(void* data)
{
  return data;
}

int main(void)
{
  pthread_t thread;
  pthread_create(&thread, NULL, test_func, NULL);
  pthread_detach(thread);
  pthread_cancel(thread);
  pthread_join(thread, NULL);
  pthread_atfork(NULL, NULL, NULL);
  pthread_exit(NULL);

  return 0;
}

Determining if the function pthread_create exists in the pthreads failed with the following output:
Change Dir: /home/fri/Asha_Mia/catkin_ws/build/myur5_description/CMakeFiles/CMakeTmp

Run Build Command(s):/usr/bin/make -f Makefile cmTC_0314f/fast && /usr/bin/make  -f CMakeFiles/cmTC_0314f.dir/build.make CMakeFiles/cmTC_0314f.dir/build
make[1]: Entering directory '/home/fri/Asha_Mia/catkin_ws/build/myur5_description/CMakeFiles/CMakeTmp'
Building C object CMakeFiles/cmTC_0314f.dir/CheckFunctionExists.c.o
/usr/bin/cc   -DCHECK_FUNCTION_EXISTS=pthread_create -o CMakeFiles/cmTC_0314f.dir/CheckFunctionExists.c.o -c /usr/share/cmake-3.23/Modules/CheckFunctionExists.c
Linking C executable cmTC_0314f
/usr/bin/cmake -E cmake_link_script CMakeFiles/cmTC_0314f.dir/link.txt --verbose=1
/usr/bin/cc  -DCHECK_FUNCTION_EXISTS=pthread_create -rdynamic CMakeFiles/cmTC_0314f.dir/CheckFunctionExists.c.o -o cmTC_0314f  -lpthreads 
/usr/bin/x86_64-linux-gnu-ld: cannot find -lpthreads
collect2: error: ld returned 1 exit status
CMakeFiles/cmTC_0314f.dir/build.make:98: recipe for target 'cmTC_0314f' failed
make[1]: *** [cmTC_0314f] Error 1
make[1]: Leaving directory '/home/fri/Asha_Mia/catkin_ws/build/myur5_description/CMakeFiles/CMakeTmp'
Makefile:127: recipe for target 'cmTC_0314f/fast' failed
make: *** [cmTC_0314f/fast] Error 2



